  Cons_Devel.cpp
  Continue_Game.cpp
C:\Users\polya\OneDrive\Рабочий стол\Курсовая Сапер\Project3\Project3\Continue_Game.h(167,61): warning C4244: аргумент: преобразование "double" в "int", возможна потеря данных
C:\Users\polya\OneDrive\Рабочий стол\Курсовая Сапер\Project3\Project3\Continue_Game.h(176,62): warning C4244: аргумент: преобразование "double" в "int", возможна потеря данных
C:\Users\polya\OneDrive\Рабочий стол\Курсовая Сапер\Project3\Project3\Continue_Game.cpp(130,53): warning C4244: аргумент: преобразование "double" в "int", возможна потеря данных
C:\Users\polya\OneDrive\Рабочий стол\Курсовая Сапер\Project3\Project3\Continue_Game.cpp(136,54): warning C4244: аргумент: преобразование "double" в "int", возможна потеря данных
  Log.cpp
C:\Users\polya\OneDrive\Рабочий стол\Курсовая Сапер\Project3\Project3\Playground.h(167,61): warning C4244: аргумент: преобразование "double" в "int", возможна потеря данных
C:\Users\polya\OneDrive\Рабочий стол\Курсовая Сапер\Project3\Project3\Playground.h(176,62): warning C4244: аргумент: преобразование "double" в "int", возможна потеря данных
C:\Users\polya\OneDrive\Рабочий стол\Курсовая Сапер\Project3\Project3\Continue_Game.h(167,61): warning C4244: аргумент: преобразование "double" в "int", возможна потеря данных
C:\Users\polya\OneDrive\Рабочий стол\Курсовая Сапер\Project3\Project3\Continue_Game.h(176,62): warning C4244: аргумент: преобразование "double" в "int", возможна потеря данных
  Main.cpp
C:\Users\polya\OneDrive\Рабочий стол\Курсовая Сапер\Project3\Project3\Playground.h(167,61): warning C4244: аргумент: преобразование "double" в "int", возможна потеря данных
C:\Users\polya\OneDrive\Рабочий стол\Курсовая Сапер\Project3\Project3\Playground.h(176,62): warning C4244: аргумент: преобразование "double" в "int", возможна потеря данных
C:\Users\polya\OneDrive\Рабочий стол\Курсовая Сапер\Project3\Project3\Continue_Game.h(167,61): warning C4244: аргумент: преобразование "double" в "int", возможна потеря данных
C:\Users\polya\OneDrive\Рабочий стол\Курсовая Сапер\Project3\Project3\Continue_Game.h(176,62): warning C4244: аргумент: преобразование "double" в "int", возможна потеря данных
  Playground.cpp
C:\Users\polya\OneDrive\Рабочий стол\Курсовая Сапер\Project3\Project3\Playground.h(167,61): warning C4244: аргумент: преобразование "double" в "int", возможна потеря данных
C:\Users\polya\OneDrive\Рабочий стол\Курсовая Сапер\Project3\Project3\Playground.h(176,62): warning C4244: аргумент: преобразование "double" в "int", возможна потеря данных
C:\Users\polya\OneDrive\Рабочий стол\Курсовая Сапер\Project3\Project3\Playground.cpp(130,53): warning C4244: аргумент: преобразование "double" в "int", возможна потеря данных
C:\Users\polya\OneDrive\Рабочий стол\Курсовая Сапер\Project3\Project3\Playground.cpp(136,54): warning C4244: аргумент: преобразование "double" в "int", возможна потеря данных
  Saper.cpp
C:\Users\polya\OneDrive\Рабочий стол\Курсовая Сапер\Project3\Project3\Playground.h(167,61): warning C4244: аргумент: преобразование "double" в "int", возможна потеря данных
C:\Users\polya\OneDrive\Рабочий стол\Курсовая Сапер\Project3\Project3\Playground.h(176,62): warning C4244: аргумент: преобразование "double" в "int", возможна потеря данных
C:\Users\polya\OneDrive\Рабочий стол\Курсовая Сапер\Project3\Project3\Continue_Game.h(167,61): warning C4244: аргумент: преобразование "double" в "int", возможна потеря данных
C:\Users\polya\OneDrive\Рабочий стол\Курсовая Сапер\Project3\Project3\Continue_Game.h(176,62): warning C4244: аргумент: преобразование "double" в "int", возможна потеря данных
  Splash_Screen.cpp
C:\Users\polya\OneDrive\Рабочий стол\Курсовая Сапер\Project3\Project3\Playground.h(167,61): warning C4244: аргумент: преобразование "double" в "int", возможна потеря данных
C:\Users\polya\OneDrive\Рабочий стол\Курсовая Сапер\Project3\Project3\Playground.h(176,62): warning C4244: аргумент: преобразование "double" в "int", возможна потеря данных
C:\Users\polya\OneDrive\Рабочий стол\Курсовая Сапер\Project3\Project3\Continue_Game.h(167,61): warning C4244: аргумент: преобразование "double" в "int", возможна потеря данных
C:\Users\polya\OneDrive\Рабочий стол\Курсовая Сапер\Project3\Project3\Continue_Game.h(176,62): warning C4244: аргумент: преобразование "double" в "int", возможна потеря данных
  Создание кода...
  Cons_Devel.obj : обнаружен модуль MSIL; для MSIL последовательная компоновка отключена; выполняется полная компоновка
  Project3.vcxproj -> C:\Users\polya\OneDrive\Рабочий стол\Курсовая Сапер\Project3\x64\Debug\Project3.exe
